Connection to database 'sap' OK.

CREATE TABLE dett_colli: COMMAND FAILED
ERROR:  relation "dett_colli" already exists

CREATE TABLE dett_colli:Connection to database 'sap' OK.

CREATE TABLE ordini_bertello: COMMAND FAILED
ERROR:  relation "ordini_bertello" already exists

CREATE TABLE ordini_bertello:Connection to database 'sap' OK.

CREATE TABLE colli_bertello: COMMAND FAILED
ERROR:  relation "colli_bertello" already exists

CREATE TABLE colli_bertello:Connection to database 'sap' OK.

CREATE TABLE righe_bertello: COMMAND FAILED
ERROR:  relation "righe_bertello" already exists

CREATE TABLE righe_bertello:Connection to database 'sap' OK.

CREATE TABLE ordini_bertello_b:
 DONE

CREATE INDEXES ON ordini_bertello_b:
ordini_bertello_b_KEY  UNIQUE
CREATE UNIQUE INDEX ordini_bertello_b_KEY ON ordini_bertello_b ( ROTRORD,ORDPROG );
DONE

Connection to database 'sap' OK.

CREATE TABLE colli_bertello_b:
 DONE

CREATE INDEXES ON colli_bertello_b:
colli_bertello_b_KEY  UNIQUE
CREATE UNIQUE INDEX colli_bertello_b_KEY ON colli_bertello_b ( ROTRORD,ORDPROG,CPNMCOL );
DONE

Connection to database 'sap' OK.

CREATE TABLE righe_bertello_b:
 DONE

CREATE INDEXES ON righe_bertello_b:
righe_bertello_b_KEY  UNIQUE
CREATE UNIQUE INDEX righe_bertello_b_KEY ON righe_bertello_b ( ORDPROG,RPNMCOL,RPCDPRO );
DONE

Connection to database 'sap' OK.

CREATE TABLE ordini_bertello_r:
 DONE

CREATE INDEXES ON ordini_bertello_r:
ordini_bertello_r_KEY  UNIQUE
CREATE UNIQUE INDEX ordini_bertello_r_KEY ON ordini_bertello_r ( ROTRORD,ORDPROG );
DONE

Connection to database 'sap' OK.

CREATE TABLE colli_bertello_r:
 DONE

CREATE INDEXES ON colli_bertello_r:
colli_bertello_r_KEY  UNIQUE
CREATE UNIQUE INDEX colli_bertello_r_KEY ON colli_bertello_r ( ROTRORD,ORDPROG,CPNMCOL );
DONE

Connection to database 'sap' OK.

CREATE TABLE righe_bertello_r:
 DONE

CREATE INDEXES ON righe_bertello_r:
righe_bertello_r_KEY  UNIQUE
CREATE UNIQUE INDEX righe_bertello_r_KEY ON righe_bertello_r ( ORDPROG,RPNMCOL,RPCDPRO );
DONE

Connection to database 'sap' OK.

CREATE TABLE ordini_bertello_c:
 DONE

CREATE INDEXES ON ordini_bertello_c:
ordini_bertello_c_KEY  UNIQUE
CREATE UNIQUE INDEX ordini_bertello_c_KEY ON ordini_bertello_c ( ROTRORD,ORDPROG );
DONE

Connection to database 'sap' OK.

CREATE TABLE colli_bertello_c:
 DONE

CREATE INDEXES ON colli_bertello_c:
colli_bertello_c_KEY  UNIQUE
CREATE UNIQUE INDEX colli_bertello_c_KEY ON colli_bertello_c ( ROTRORD,ORDPROG,CPNMCOL );
DONE

Connection to database 'sap' OK.

CREATE TABLE righe_bertello_c:
 DONE

CREATE INDEXES ON righe_bertello_c:
righe_bertello_c_KEY  UNIQUE
CREATE UNIQUE INDEX righe_bertello_c_KEY ON righe_bertello_c ( ORDPROG,RPNMCOL,RPCDPRO );
DONE

Connection to database 'sap' OK.

CREATE TABLE ric_ord: COMMAND FAILED
ERROR:  relation "ric_ord" already exists

CREATE TABLE ric_ord:Connection to database 'sap' OK.

CREATE TABLE ric_art: COMMAND FAILED
ERROR:  relation "ric_art" already exists

CREATE TABLE ric_art:Connection to database 'sap' OK.

CREATE TABLE ord_prod: COMMAND FAILED
ERROR:  relation "ord_prod" already exists

CREATE TABLE ord_prod:Connection to database 'sap' OK.

CREATE TABLE col_prod: COMMAND FAILED
ERROR:  relation "col_prod" already exists

CREATE TABLE col_prod:Connection to database 'sap' OK.

CREATE TABLE rig_prod: COMMAND FAILED
ERROR:  relation "rig_prod" already exists

CREATE TABLE rig_prod:Connection to database 'sap' OK.

CREATE TABLE rig_tmp: COMMAND FAILED
ERROR:  relation "rig_tmp" already exists

CREATE TABLE rig_tmp:Connection to database 'sap' OK.

CREATE TABLE ubicazioni: COMMAND FAILED
ERROR:  relation "ubicazioni" already exists

CREATE TABLE ubicazioni:Connection to database 'sap' OK.

CREATE TABLE articoli: COMMAND FAILED
ERROR:  relation "articoli" already exists

CREATE TABLE articoli:Connection to database 'sap' OK.

CREATE TABLE imballi: COMMAND FAILED
ERROR:  relation "imballi" already exists

CREATE TABLE imballi:Connection to database 'sap' OK.

CREATE TABLE errori_prelievo: COMMAND FAILED
ERROR:  relation "errori_prelievo" already exists

CREATE TABLE errori_prelievo:Connection to database 'sap' OK.

CREATE TABLE ric_stor: COMMAND FAILED
ERROR:  relation "ric_stor" already exists

CREATE TABLE ric_stor:Connection to database 'sap' OK.

CREATE TABLE ord_stor: COMMAND FAILED
ERROR:  relation "ord_stor" already exists

CREATE TABLE ord_stor:Connection to database 'sap' OK.

CREATE TABLE col_stor: COMMAND FAILED
ERROR:  relation "col_stor" already exists

CREATE TABLE col_stor:Connection to database 'sap' OK.

CREATE TABLE rig_stor: COMMAND FAILED
ERROR:  relation "rig_stor" already exists

CREATE TABLE rig_stor:Connection to database 'sap' OK.

CREATE TABLE plc_msg: COMMAND FAILED
ERROR:  relation "plc_msg" already exists

CREATE TABLE plc_msg:Connection to database 'sap' OK.

CREATE TABLE plc_msg_history: COMMAND FAILED
ERROR:  relation "plc_msg_history" already exists

CREATE TABLE plc_msg_history:Connection to database 'sap' OK.

CREATE TABLE bertello_liste_movimentazione: COMMAND FAILED
ERROR:  relation "bertello_liste_movimentazione" already exists

CREATE TABLE bertello_liste_movimentazione:ERROR:  relation "progcollo" already exists
ERROR:  relation "progcollo_add" already exists
ERROR:  relation "sequence_anno" already exists
ERROR:  relation "badge_registry" already exists
ERROR:  function "data_ora" already exists with same argument types
